android/app/build/outputs/mapping/release/seeds.txt
ir.ssshojaei.beparsi.MainActivity
ir.ssshojaei.beparsi.MainActivity: MainActivity()
ir.ssshojaei.beparsi.MainApplication
ir.ssshojaei.beparsi.MainApplication: MainApplication()
ir.ssshojaei.beparsi.R$anim: int abc_fade_in
ir.ssshojaei.beparsi.R$anim: int abc_fade_out
ir.ssshojaei.beparsi.R$anim: int abc_grow_fade_in_from_bottom
ir.ssshojaei.beparsi.R$anim: int abc_popup_enter
ir.ssshojaei.beparsi.R$anim: int abc_popup_exit
ir.ssshojaei.beparsi.R$anim: int abc_shrink_fade_out_from_bottom
ir.ssshojaei.beparsi.R$anim: int abc_slide_in_bottom
ir.ssshojaei.beparsi.R$anim: int abc_slide_in_top
ir.ssshojaei.beparsi.R$anim: int abc_slide_out_bottom
ir.ssshojaei.beparsi.R$anim: int abc_slide_out_top
ir.ssshojaei.beparsi.R$anim: int abc_tooltip_enter
ir.ssshojaei.beparsi.R$anim: int abc_tooltip_exit
ir.ssshojaei.beparsi.R$anim: int catalyst_fade_in
ir.ssshojaei.beparsi.R$anim: int catalyst_fade_out
ir.ssshojaei.beparsi.R$anim: int catalyst_push_up_in
ir.ssshojaei.beparsi.R$anim: int catalyst_push_up_out
ir.ssshojaei.beparsi.R$anim: int catalyst_slide_down
ir.ssshojaei.beparsi.R$anim: int catalyst_slide_up
ir.ssshojaei.beparsi.R$attr: int actionBarDivider
ir.ssshojaei.beparsi.R$attr: int actionBarItemBackground
ir.ssshojaei.beparsi.R$attr: int actionBarPopupTheme
ir.ssshojaei.beparsi.R$attr: int actionBarSize
ir.ssshojaei.beparsi.R$attr: int actionBarSplitStyle
ir.ssshojaei.beparsi.R$attr: int actionBarStyle
ir.ssshojaei.beparsi.R$attr: int actionBarTabBarStyle
ir.ssshojaei.beparsi.R$attr: int actionBarTabStyle
ir.ssshojaei.beparsi.R$attr: int actionBarTabTextStyle
ir.ssshojaei.beparsi.R$attr: int actionBarTheme
ir.ssshojaei.beparsi.R$attr: int actionBarWidgetTheme
ir.ssshojaei.beparsi.R$attr: int actionButtonStyle
ir.ssshojaei.beparsi.R$attr: int actionDropDownStyle
ir.ssshojaei.beparsi.R$attr: int actionLayout
ir.ssshojaei.beparsi.R$attr: int actionMenuTextAppearance
ir.ssshojaei.beparsi.R$attr: int actionMenuTextColor
ir.ssshojaei.beparsi.R$attr: int actionModeBackground
ir.ssshojaei.beparsi.R$attr: int actionModeCloseButtonStyle
ir.ssshojaei.beparsi.R$attr: int actionModeCloseDrawable
ir.ssshojaei.beparsi.R$attr: int actionModeCopyDrawable
ir.ssshojaei.beparsi.R$attr: int actionModeCutDrawable
ir.ssshojaei.beparsi.R$attr: int actionModeFindDrawable
ir.ssshojaei.beparsi.R$attr: int actionModePasteDrawable
ir.ssshojaei.beparsi.R$attr: int actionModePopupWindowStyle
ir.ssshojaei.beparsi.R$attr: int actionModeSelectAllDrawable
ir.ssshojaei.beparsi.R$attr: int actionModeShareDrawable
ir.ssshojaei.beparsi.R$attr: int actionModeSplitBackground
ir.ssshojaei.beparsi.R$bool: int abc_action_bar_embed_tabs
ir.ssshojaei.beparsi.R$bool: int abc_allow_stacked_button_bar
ir.ssshojaei.beparsi.R$bool: int abc_config_actionMenuItemAllCaps
...
com.facebook.react.bridge.BaseActivityEventListener
com.facebook.react.bridge.BaseActivityEventListener: BaseActivityEventListener()
com.facebook.react.bridge.BaseActivityEventListener: void onActivityResult(int,int,android.content.Intent)
com.facebook.react.bridge.BaseActivityEventListener: void onActivityResult(android.app.Activity,int,int,android.content.Intent)
com.facebook.react.bridge.BaseActivityEventListener: void onNewIntent(android.content.Intent)
com.facebook.react.bridge.BaseJavaModule
com.facebook.react.bridge.BaseJavaModule: java.lang.String METHOD_TYPE_ASYNC
com.facebook.react.bridge.BaseJavaModule: java.lang.String METHOD_TYPE_PROMISE
com.facebook.react.bridge.BaseJavaModule: java.lang.String METHOD_TYPE_SYNC
com.facebook.react.bridge.BaseJavaModule: BaseJavaModule()
com.facebook.react.bridge.BaseJavaModule: java.util.Map getConstants()
com.facebook.react.bridge.BaseJavaModule: void initialize()
com.facebook.react.bridge.BaseJavaModule: boolean canOverrideExistingModule()
com.facebook.react.bridge.BaseJavaModule: void onCatalystInstanceDestroy()
com.facebook.react.bridge.BaseJavaModule: boolean hasConstants()
com.facebook.react.bridge.Callback
com.facebook.react.bridge.Callback: void invoke(java.lang.Object[])
com.facebook.react.bridge.CallbackImpl
com.facebook.react.bridge.CallbackImpl: com.facebook.react.bridge.JSInstance mJSInstance
com.facebook.react.bridge.CallbackImpl: int mCallbackId
com.facebook.react.bridge.CallbackImpl: boolean mInvoked
com.facebook.react.bridge.CallbackImpl: CallbackImpl(com.facebook.react.bridge.JSInstance,int)
com.facebook.react.bridge.CallbackImpl: void invoke(java.lang.Object[])
com.facebook.react.bridge.CatalystInstance
com.facebook.react.bridge.CatalystInstance: void runJSBundle()
com.facebook.react.bridge.CatalystInstance: boolean hasRunJSBundle()
com.facebook.react.bridge.CatalystInstance: java.lang.String getSourceURL()
com.facebook.react.bridge.CatalystInstance: void invokeCallback(int,com.facebook.react.bridge.NativeArrayInterface)
com.facebook.react.bridge.CatalystInstance: void callFunction(java.lang.String,java.lang.String,com.facebook.react.bridge.NativeArray)
com.facebook.react.bridge.CatalystInstance: void destroy()
com.facebook.react.bridge.CatalystInstance: boolean isDestroyed()
com.facebook.react.bridge.CatalystInstance: void initialize()
com.facebook.react.bridge.CatalystInstance: com.facebook.react.bridge.queue.ReactQueueConfiguration getReactQueueConfiguration()
com.facebook.react.bridge.CatalystInstance: com.facebook.react.bridge.JavaScriptModule getJSModule(java.lang.Class)
com.facebook.react.bridge.CatalystInstance: boolean hasNativeModule(java.lang.Class)
com.facebook.react.bridge.CatalystInstance: com.facebook.react.bridge.NativeModule getNativeModule(java.lang.Class)
com.facebook.react.bridge.CatalystInstance: com.facebook.react.bridge.NativeModule getNativeModule(java.lang.String)
com.facebook.react.bridge.CatalystInstance: com.facebook.react.bridge.JSIModule getJSIModule(java.lang.Class)
com.facebook.react.bridge.CatalystInstance: java.util.Collection getNativeModules()