android/app/build/outputs/mapping/release/mapping.txt
ir.ssshojaei.beparsi.MainActivity -> ir.ssshojaei.beparsi.MainActivity:
    void <init>() -> <init>
    java.lang.String getMainComponentName() -> k
ir.ssshojaei.beparsi.MainApplication -> ir.ssshojaei.beparsi.MainApplication:
    com.facebook.react.ReactNativeHost mReactNativeHost -> a
    void <init>() -> <init>
    com.facebook.react.ReactNativeHost getReactNativeHost() -> a
    void onCreate() -> onCreate
ir.ssshojaei.beparsi.MainApplication$1 -> ir.ssshojaei.beparsi.MainApplication$1:
    ir.ssshojaei.beparsi.MainApplication this$0 -> a
    void <init>(ir.ssshojaei.beparsi.MainApplication,android.app.Application) -> <init>
    boolean getUseDeveloperSupport() -> k
    java.util.List getPackages() -> l
    java.lang.String getJSMainModuleName() -> h
...
com.google.gson.internal.ConstructorConstructor$1 -> com.google.a.b.c$1:
    com.google.gson.InstanceCreator val$typeCreator -> a
    java.lang.reflect.Type val$type -> b
    com.google.gson.internal.ConstructorConstructor this$0 -> c
    void <init>(com.google.gson.internal.ConstructorConstructor,com.google.gson.InstanceCreator,java.lang.reflect.Type) -> <init>
com.google.gson.internal.ConstructorConstructor$10 -> com.google.a.b.c$2:
    com.google.gson.internal.ConstructorConstructor this$0 -> a
    void <init>(com.google.gson.internal.ConstructorConstructor) -> <init>
com.google.gson.internal.ConstructorConstructor$11 -> com.google.a.b.c$3:
    com.google.gson.internal.ConstructorConstructor this$0 -> a
    void <init>(com.google.gson.internal.ConstructorConstructor) -> <init>
com.google.gson.internal.ConstructorConstructor$12 -> com.google.a.b.c$4:
    com.google.gson.internal.UnsafeAllocator unsafeAllocator -> d
    java.lang.Class val$rawType -> a
    java.lang.reflect.Type val$type -> b
    com.google.gson.internal.ConstructorConstructor this$0 -> c
    void <init>(com.google.gson.internal.ConstructorConstructor,java.lang.Class,java.lang.reflect.Type) -> <init>
com.google.gson.internal.ConstructorConstructor$2 -> com.google.a.b.c$5:
    com.google.gson.InstanceCreator val$rawTypeCreator -> a
    java.lang.reflect.Type val$type -> b
    com.google.gson.internal.ConstructorConstructor this$0 -> c
    void <init>(com.google.gson.internal.ConstructorConstructor,com.google.gson.InstanceCreator,java.lang.reflect.Type) -> <init>
com.google.gson.internal.ConstructorConstructor$3 -> com.google.a.b.c$6:
    java.lang.reflect.Constructor val$constructor -> a
    com.google.gson.internal.ConstructorConstructor this$0 -> b
    void <init>(com.google.gson.internal.ConstructorConstructor,java.lang.reflect.Constructor) -> <init>
com.google.gson.internal.ConstructorConstructor$4 -> com.google.a.b.c$7:
    com.google.gson.internal.ConstructorConstructor this$0 -> a
    void <init>(com.google.gson.internal.ConstructorConstructor) -> <init>
com.google.gson.internal.ConstructorConstructor$5 -> com.google.a.b.c$8:
    java.lang.reflect.Type val$type -> a
    com.google.gson.internal.ConstructorConstructor this$0 -> b
    void <init>(com.google.gson.internal.ConstructorConstructor,java.lang.reflect.Type) -> <init>
com.google.gson.internal.ConstructorConstructor$6 -> com.google.a.b.c$9:
    com.google.gson.internal.ConstructorConstructor this$0 -> a
    void <init>(com.google.gson.internal.ConstructorConstructor) -> <init>
com.google.gson.internal.ConstructorConstructor$7 -> com.google.a.b.c$10:
    com.google.gson.internal.ConstructorConstructor this$0 -> a
    void <init>(com.google.gson.internal.ConstructorConstructor) -> <init>
com.google.gson.internal.ConstructorConstructor$8 -> com.google.a.b.c$11:
    com.google.gson.internal.ConstructorConstructor this$0 -> a
    void <init>(com.google.gson.internal.ConstructorConstructor) -> <init>
com.google.gson.internal.ConstructorConstructor$9 -> com.google.a.b.c$12:
    com.google.gson.internal.ConstructorConstructor this$0 -> a
    void <init>(com.google.gson.internal.ConstructorConstructor) -> <init>