android/app/build/outputs/mapping/release/usage.txt
ir.ssshojaei.beparsi.BuildConfig
ir.ssshojaei.beparsi.R
ir.ssshojaei.beparsi.R$anim
ir.ssshojaei.beparsi.R$attr
ir.ssshojaei.beparsi.R$bool
ir.ssshojaei.beparsi.R$color
ir.ssshojaei.beparsi.R$dimen
ir.ssshojaei.beparsi.R$drawable
ir.ssshojaei.beparsi.R$id
ir.ssshojaei.beparsi.R$integer
ir.ssshojaei.beparsi.R$layout
ir.ssshojaei.beparsi.R$mipmap
ir.ssshojaei.beparsi.R$string
ir.ssshojaei.beparsi.R$style
ir.ssshojaei.beparsi.R$styleable
ir.ssshojaei.beparsi.R$xml
...
android.support.v7.widget.TooltipCompat:
    48:48:private TooltipCompat()
android.support.v7.widget.TooltipCompatHandler:
    private static final java.lang.String TAG
    private static final long LONG_CLICK_HIDE_TIMEOUT_MS
    private static final long HOVER_HIDE_TIMEOUT_MS
    private static final long HOVER_HIDE_TIMEOUT_SHORT_MS
android.support.v7.widget.TooltipPopup:
    private static final java.lang.String TAG
android.support.v7.widget.VectorEnabledTintResources:
    public static final int MAX_SDK_WHERE_REQUIRED
    83:84:public static void setCompatVectorFromResourcesEnabled(boolean)
android.support.v7.widget.ViewUtils:
    private static final java.lang.String TAG
    55:55:private ViewUtils()
androidx.core.internal.package-info
androidx.versionedparcelable.NonParcelField
androidx.versionedparcelable.ParcelField
androidx.versionedparcelable.ParcelImpl:
    32:34:public ParcelImpl(androidx.versionedparcelable.VersionedParcelable)
    44:44:public androidx.versionedparcelable.VersionedParcelable getVersionedParcel()
androidx.versionedparcelable.ParcelUtils
androidx.versionedparcelable.R
androidx.versionedparcelable.VersionedParcel:
    private static final java.lang.String TAG
    private static final int EX_SECURITY
    private static final int EX_BAD_PARCELABLE
    private static final int EX_ILLEGAL_ARGUMENT
    private static final int EX_NULL_POINTER
    private static final int EX_ILLEGAL_STATE
    private static final int EX_NETWORK_MAIN_THREAD
    private static final int EX_UNSUPPORTED_OPERATION
    private static final int EX_PARCELABLE
    private static final int TYPE_VERSIONED_PARCELABLE
    private static final int TYPE_PARCELABLE
    private static final int TYPE_SERIALIZABLE
    private static final int TYPE_STRING
    private static final int TYPE_BINDER
    protected abstract void writeByteArray(byte[],int,int)
    protected abstract void writeLong(long)
    protected abstract void writeFloat(float)
    protected abstract void writeDouble(double)
    protected abstract void writeStrongBinder(android.os.IBinder)
    protected abstract void writeBoolean(boolean)
    protected abstract void writeStrongInterface(android.os.IInterface)
    protected abstract void writeBundle(android.os.Bundle)
    protected abstract long readLong()
    protected abstract float readFloat()
    protected abstract double readDouble()
    protected abstract android.os.IBinder readStrongBinder()
    protected abstract android.os.Bundle readBundle()
    protected abstract boolean readBoolean()
    249:251:public void writeStrongInterface(android.os.IInterface,int)
androidx.versionedparcelable.VersionedParcel$1
androidx.versionedparcelable.VersionedParcel$ParcelException
androidx.versionedparcelable.VersionedParcelParcel:
    private static final boolean DEBUG
    private static final java.lang.String TAG
    129:135:public void writeByteArray(byte[],int,int)
    144:145:public void writeLong(long)
    149:150:public void writeFloat(float)
    154:155:public void writeDouble(double)
    164:165:public void writeStrongBinder(android.os.IBinder)
    174:175:public void writeBoolean(boolean)
    179:180:public void writeStrongInterface(android.os.IInterface)
    184:185:public void writeBundle(android.os.Bundle)
    194:194:public long readLong()
    199:199:public float readFloat()
    204:204:public double readDouble()
    214:214:public android.os.IBinder readStrongBinder()
    236:236:public android.os.Bundle readBundle()
    241:241:public boolean readBoolean()
androidx.versionedparcelable.VersionedParcelStream
androidx.versionedparcelable.VersionedParcelStream$FieldBuffer
androidx.versionedparcelable.VersionedParcelStream$InputBuffer
androidx.versionedparcelable.VersionedParcelize
bolts.AggregateException
bolts.AndroidExecutors:
    static final long KEEP_ALIVE_TIME
    97:106:public static java.util.concurrent.ExecutorService newCachedThreadPool(java.util.concurrent.ThreadFactory)